Start testing: Oct 29 10:58 CET
----------------------------------------------------------
1/1 Testing: example.add
1/1 Test: example.add
Command: "/home/dean/dev_ws/PathUtils/build/test/path_tests" "--gtest_filter=example.add" "--gtest_also_run_disabled_tests"
Directory: /home/dean/dev_ws/PathUtils/build/test
"example.add" start time: Oct 29 10:58 CET
Output:
----------------------------------------------------------
Running main() from /home/dean/dev_ws/PathUtils/build/_deps/gtest-src/googletest/src/gtest_main.cc
Note: Google Test filter = example.add
[==========] Running 1 test from 1 test suite.
[----------] Global test environment set-up.
[----------] 1 test from example
[ RUN      ] example.add
[       OK ] example.add (0 ms)
[----------] 1 test from example (0 ms total)

[----------] Global test environment tear-down
[==========] 1 test from 1 test suite ran. (0 ms total)
[  PASSED  ] 1 test.
<end of output>
Test time =   0.00 sec
----------------------------------------------------------
Test Passed.
"example.add" end time: Oct 29 10:58 CET
"example.add" time elapsed: 00:00:00
----------------------------------------------------------

End testing: Oct 29 10:58 CET
